   Ôû▓ Next.js 15.3.6
   - Environments: .env.local

   Creating an optimized production build ...
Failed to compile.

./src/app/(authenticated)/triagem/admissao-tab.tsx
Error:   x Unexpected token `div`. Expected jsx identifier
     ,-[C:\Users\guilherme\Documents\PROJETO - APP\GERENCIMANETODEINTERNACAO\src\app\(authenticated)\triagem\admissao-tab.tsx:347:1]
 344 |   }
 345 | 
 346 |   return (
 347 |     <div className="space-y-6 animate-in slide-in-from-bottom-4 duration-500 pb-24">
     :      ^^^
 348 |       
 349 |       {/* Search & Actions Header */}
 350 |       <div className="sticky top-4 z-40 bg-white/80 backdrop-blur-xl rounded-[2rem] p-4 shadow-xl border border-slate-100/50 flex flex-col md:flex-row gap-4 mb-8">
     `----

Caused by:
    Syntax Error

Import trace for requested module:
./src/app/(authenticated)/triagem/admissao-tab.tsx
./src/app/(authenticated)/triagem/page.tsx


> Build failed because of webpack errors
